<testsuite failures="0" name="karate/request/2FilterPetsById.feature" skipped="0" tests="6" time="7.377228">
  <testcase classname="karate.request.2FilterPetsById" name="Filter pets with method GET" time="1.251975">
    <system-out>* url url ................................................................. passed
Given path 'pet','8' ...................................................... passed
When method GET ........................................................... passed
Then status 200 ........................................................... passed</system-out>
  </testcase>
  <testcase classname="karate.request.2FilterPetsById" name="Filter pets with invalidate id using the method GET" time="1.226092">
    <system-out>* url url ................................................................. passed
Given path 'pet','8' ...................................................... passed
When method GET ........................................................... passed
Then status 200 ........................................................... passed
* url url ................................................................. passed
* def responseError = read('classpath:karate/request/responseError.json') . passed
Given path 'pet',-5 ....................................................... passed
When method GET ........................................................... passed
Then status 404 ........................................................... passed
And match response == responseError ....................................... passed</system-out>
  </testcase>
  <testcase classname="karate.request.2FilterPetsById" name="Filter pets with invalidate id using the method GET" time="1.123665">
    <system-out>* url url ................................................................. passed
Given path 'pet','8' ...................................................... passed
When method GET ........................................................... passed
Then status 200 ........................................................... passed
* url url ................................................................. passed
* def responseError = read('classpath:karate/request/responseError.json') . passed
Given path 'pet',-5 ....................................................... passed
When method GET ........................................................... passed
Then status 404 ........................................................... passed
And match response == responseError ....................................... passed
* url url ................................................................. passed
* def responseError = read('classpath:karate/request/responseError.json') . passed
Given path 'pet',5.56 ..................................................... passed
When method GET ........................................................... passed
Then status 404 ........................................................... passed
And match response == responseError ....................................... passed</system-out>
  </testcase>
  <testcase classname="karate.request.2FilterPetsById" name="Filter pets with invalidate id using the method GET" time="1.326072">
    <system-out>* url url ................................................................. passed
Given path 'pet','8' ...................................................... passed
When method GET ........................................................... passed
Then status 200 ........................................................... passed
* url url ................................................................. passed
* def responseError = read('classpath:karate/request/responseError.json') . passed
Given path 'pet',-5 ....................................................... passed
When method GET ........................................................... passed
Then status 404 ........................................................... passed
And match response == responseError ....................................... passed
* url url ................................................................. passed
* def responseError = read('classpath:karate/request/responseError.json') . passed
Given path 'pet',5.56 ..................................................... passed
When method GET ........................................................... passed
Then status 404 ........................................................... passed
And match response == responseError ....................................... passed
* url url ................................................................. passed
* def responseError = read('classpath:karate/request/responseError.json') . passed
Given path 'pet',"%&amp;*+" ................................................... passed
When method GET ........................................................... passed
Then status 404 ........................................................... passed
And match response == responseError ....................................... passed</system-out>
  </testcase>
  <testcase classname="karate.request.2FilterPetsById" name="Filter pets with invalidate id using the method GET" time="1.224536">
    <system-out>* url url ................................................................. passed
Given path 'pet','8' ...................................................... passed
When method GET ........................................................... passed
Then status 200 ........................................................... passed
* url url ................................................................. passed
* def responseError = read('classpath:karate/request/responseError.json') . passed
Given path 'pet',-5 ....................................................... passed
When method GET ........................................................... passed
Then status 404 ........................................................... passed
And match response == responseError ....................................... passed
* url url ................................................................. passed
* def responseError = read('classpath:karate/request/responseError.json') . passed
Given path 'pet',5.56 ..................................................... passed
When method GET ........................................................... passed
Then status 404 ........................................................... passed
And match response == responseError ....................................... passed
* url url ................................................................. passed
* def responseError = read('classpath:karate/request/responseError.json') . passed
Given path 'pet',"%&amp;*+" ................................................... passed
When method GET ........................................................... passed
Then status 404 ........................................................... passed
And match response == responseError ....................................... passed
* url url ................................................................. passed
* def responseError = read('classpath:karate/request/responseError.json') . passed
Given path 'pet',"a" ...................................................... passed
When method GET ........................................................... passed
Then status 404 ........................................................... passed
And match response == responseError ....................................... passed</system-out>
  </testcase>
  <testcase classname="karate.request.2FilterPetsById" name="Filter pets with invalidate id using the method GET" time="1.224887">
    <system-out>* url url ................................................................. passed
Given path 'pet','8' ...................................................... passed
When method GET ........................................................... passed
Then status 200 ........................................................... passed
* url url ................................................................. passed
* def responseError = read('classpath:karate/request/responseError.json') . passed
Given path 'pet',-5 ....................................................... passed
When method GET ........................................................... passed
Then status 404 ........................................................... passed
And match response == responseError ....................................... passed
* url url ................................................................. passed
* def responseError = read('classpath:karate/request/responseError.json') . passed
Given path 'pet',5.56 ..................................................... passed
When method GET ........................................................... passed
Then status 404 ........................................................... passed
And match response == responseError ....................................... passed
* url url ................................................................. passed
* def responseError = read('classpath:karate/request/responseError.json') . passed
Given path 'pet',"%&amp;*+" ................................................... passed
When method GET ........................................................... passed
Then status 404 ........................................................... passed
And match response == responseError ....................................... passed
* url url ................................................................. passed
* def responseError = read('classpath:karate/request/responseError.json') . passed
Given path 'pet',"a" ...................................................... passed
When method GET ........................................................... passed
Then status 404 ........................................................... passed
And match response == responseError ....................................... passed
* url url ................................................................. passed
* def responseError = read('classpath:karate/request/responseError.json') . passed
Given path 'pet',"A" ...................................................... passed
When method GET ........................................................... passed
Then status 404 ........................................................... passed
And match response == responseError ....................................... passed</system-out>
  </testcase>
</testsuite>
