<testsuite failures="0" name="karate/request/1CreateNewPet.feature" skipped="0" tests="18" time="20.850535">
  <testcase classname="karate.request.1CreateNewPet" name="Create a pet with valid name and id with method POST" time="2.340028">
    <system-out>* url url ................................................................. passed
* def bodyOk = read('classpath:karate/request/responseCreateOk.json') ..... passed
Given path 'pet' .......................................................... passed
And request ............................................................... passed
When method POST .......................................................... passed
Then status 200 ........................................................... passed
And match response == bodyOk .............................................. passed</system-out>
  </testcase>
  <testcase classname="karate.request.1CreateNewPet" name="Create a pet with valid name and id with method POST" time="0.848021">
    <system-out>* url url ................................................................. passed
* def bodyOk = read('classpath:karate/request/responseCreateOk.json') ..... passed
Given path 'pet' .......................................................... passed
And request ............................................................... passed
When method POST .......................................................... passed
Then status 200 ........................................................... passed
And match response == bodyOk .............................................. passed
* url url ................................................................. passed
* def bodyOk = read('classpath:karate/request/responseCreateOk.json') ..... passed
Given path 'pet' .......................................................... passed
And request ............................................................... passed
When method POST .......................................................... passed
Then status 200 ........................................................... passed
And match response == bodyOk .............................................. passed</system-out>
  </testcase>
  <testcase classname="karate.request.1CreateNewPet" name="Create a pet with valid name and id with method POST" time="0.669581">
    <system-out>* url url ................................................................. passed
* def bodyOk = read('classpath:karate/request/responseCreateOk.json') ..... passed
Given path 'pet' .......................................................... passed
And request ............................................................... passed
When method POST .......................................................... passed
Then status 200 ........................................................... passed
And match response == bodyOk .............................................. passed
* url url ................................................................. passed
* def bodyOk = read('classpath:karate/request/responseCreateOk.json') ..... passed
Given path 'pet' .......................................................... passed
And request ............................................................... passed
When method POST .......................................................... passed
Then status 200 ........................................................... passed
And match response == bodyOk .............................................. passed
* url url ................................................................. passed
* def bodyOk = read('classpath:karate/request/responseCreateOk.json') ..... passed
Given path 'pet' .......................................................... passed
And request ............................................................... passed
When method POST .......................................................... passed
Then status 200 ........................................................... passed
And match response == bodyOk .............................................. passed</system-out>
  </testcase>
  <testcase classname="karate.request.1CreateNewPet" name="Create a pet with valid name and id with method POST" time="0.678094">
    <system-out>* url url ................................................................. passed
* def bodyOk = read('classpath:karate/request/responseCreateOk.json') ..... passed
Given path 'pet' .......................................................... passed
And request ............................................................... passed
When method POST .......................................................... passed
Then status 200 ........................................................... passed
And match response == bodyOk .............................................. passed
* url url ................................................................. passed
* def bodyOk = read('classpath:karate/request/responseCreateOk.json') ..... passed
Given path 'pet' .......................................................... passed
And request ............................................................... passed
When method POST .......................................................... passed
Then status 200 ........................................................... passed
And match response == bodyOk .............................................. passed
* url url ................................................................. passed
* def bodyOk = read('classpath:karate/request/responseCreateOk.json') ..... passed
Given path 'pet' .......................................................... passed
And request ............................................................... passed
When method POST .......................................................... passed
Then status 200 ........................................................... passed
And match response == bodyOk .............................................. passed
* url url ................................................................. passed
* def bodyOk = read('classpath:karate/request/responseCreateOk.json') ..... passed
Given path 'pet' .......................................................... passed
And request ............................................................... passed
When method POST .......................................................... passed
Then status 200 ........................................................... passed
And match response == bodyOk .............................................. passed</system-out>
  </testcase>
  <testcase classname="karate.request.1CreateNewPet" name="Create a pet with valid name and id with method POST" time="0.68497">
    <system-out>* url url ................................................................. passed
* def bodyOk = read('classpath:karate/request/responseCreateOk.json') ..... passed
Given path 'pet' .......................................................... passed
And request ............................................................... passed
When method POST .......................................................... passed
Then status 200 ........................................................... passed
And match response == bodyOk .............................................. passed
* url url ................................................................. passed
* def bodyOk = read('classpath:karate/request/responseCreateOk.json') ..... passed
Given path 'pet' .......................................................... passed
And request ............................................................... passed
When method POST .......................................................... passed
Then status 200 ........................................................... passed
And match response == bodyOk .............................................. passed
* url url ................................................................. passed
* def bodyOk = read('classpath:karate/request/responseCreateOk.json') ..... passed
Given path 'pet' .......................................................... passed
And request ............................................................... passed
When method POST .......................................................... passed
Then status 200 ........................................................... passed
And match response == bodyOk .............................................. passed
* url url ................................................................. passed
* def bodyOk = read('classpath:karate/request/responseCreateOk.json') ..... passed
Given path 'pet' .......................................................... passed
And request ............................................................... passed
When method POST .......................................................... passed
Then status 200 ........................................................... passed
And match response == bodyOk .............................................. passed
* url url ................................................................. passed
* def bodyOk = read('classpath:karate/request/responseCreateOk.json') ..... passed
Given path 'pet' .......................................................... passed
And request ............................................................... passed
When method POST .......................................................... passed
Then status 200 ........................................................... passed
And match response == bodyOk .............................................. passed</system-out>
  </testcase>
  <testcase classname="karate.request.1CreateNewPet" name="Create a pet with valid name and id with method POST" time="0.989705">
    <system-out>* url url ................................................................. passed
* def bodyOk = read('classpath:karate/request/responseCreateOk.json') ..... passed
Given path 'pet' .......................................................... passed
And request ............................................................... passed
When method POST .......................................................... passed
Then status 200 ........................................................... passed
And match response == bodyOk .............................................. passed
* url url ................................................................. passed
* def bodyOk = read('classpath:karate/request/responseCreateOk.json') ..... passed
Given path 'pet' .......................................................... passed
And request ............................................................... passed
When method POST .......................................................... passed
Then status 200 ........................................................... passed
And match response == bodyOk .............................................. passed
* url url ................................................................. passed
* def bodyOk = read('classpath:karate/request/responseCreateOk.json') ..... passed
Given path 'pet' .......................................................... passed
And request ............................................................... passed
When method POST .......................................................... passed
Then status 200 ........................................................... passed
And match response == bodyOk .............................................. passed
* url url ................................................................. passed
* def bodyOk = read('classpath:karate/request/responseCreateOk.json') ..... passed
Given path 'pet' .......................................................... passed
And request ............................................................... passed
When method POST .......................................................... passed
Then status 200 ........................................................... passed
And match response == bodyOk .............................................. passed
* url url ................................................................. passed
* def bodyOk = read('classpath:karate/request/responseCreateOk.json') ..... passed
Given path 'pet' .......................................................... passed
And request ............................................................... passed
When method POST .......................................................... passed
Then status 200 ........................................................... passed
And match response == bodyOk .............................................. passed
* url url ................................................................. passed
* def bodyOk = read('classpath:karate/request/responseCreateOk.json') ..... passed
Given path 'pet' .......................................................... passed
And request ............................................................... passed
When method POST .......................................................... passed
Then status 200 ........................................................... passed
And match response == bodyOk .............................................. passed</system-out>
  </testcase>
  <testcase classname="karate.request.1CreateNewPet" name="Create a pet with invalid name and id with method POST" time="1.175813">
    <system-out>* url url ................................................................. passed
* def bodyOk = read('classpath:karate/request/responseCreateOk.json') ..... passed
Given path 'pet' .......................................................... passed
And request ............................................................... passed
When method POST .......................................................... passed
Then status 200 ........................................................... passed
And match response == bodyOk .............................................. passed
* url url ................................................................. passed
* def bodyOk = read('classpath:karate/request/responseCreateOk.json') ..... passed
Given path 'pet' .......................................................... passed
And request ............................................................... passed
When method POST .......................................................... passed
Then status 200 ........................................................... passed
And match response == bodyOk .............................................. passed
* url url ................................................................. passed
* def bodyOk = read('classpath:karate/request/responseCreateOk.json') ..... passed
Given path 'pet' .......................................................... passed
And request ............................................................... passed
When method POST .......................................................... passed
Then status 200 ........................................................... passed
And match response == bodyOk .............................................. passed
* url url ................................................................. passed
* def bodyOk = read('classpath:karate/request/responseCreateOk.json') ..... passed
Given path 'pet' .......................................................... passed
And request ............................................................... passed
When method POST .......................................................... passed
Then status 200 ........................................................... passed
And match response == bodyOk .............................................. passed
* url url ................................................................. passed
* def bodyOk = read('classpath:karate/request/responseCreateOk.json') ..... passed
Given path 'pet' .......................................................... passed
And request ............................................................... passed
When method POST .......................................................... passed
Then status 200 ........................................................... passed
And match response == bodyOk .............................................. passed
* url url ................................................................. passed
* def bodyOk = read('classpath:karate/request/responseCreateOk.json') ..... passed
Given path 'pet' .......................................................... passed
And request ............................................................... passed
When method POST .......................................................... passed
Then status 200 ........................................................... passed
And match response == bodyOk .............................................. passed
* url url ................................................................. passed
Given path 'pet' .......................................................... passed
And request ............................................................... passed
When method POST .......................................................... passed
Then status 500 ........................................................... passed</system-out>
  </testcase>
  <testcase classname="karate.request.1CreateNewPet" name="Create a pet with invalid name and id with method POST" time="1.266134">
    <system-out>* url url ................................................................. passed
* def bodyOk = read('classpath:karate/request/responseCreateOk.json') ..... passed
Given path 'pet' .......................................................... passed
And request ............................................................... passed
When method POST .......................................................... passed
Then status 200 ........................................................... passed
And match response == bodyOk .............................................. passed
* url url ................................................................. passed
* def bodyOk = read('classpath:karate/request/responseCreateOk.json') ..... passed
Given path 'pet' .......................................................... passed
And request ............................................................... passed
When method POST .......................................................... passed
Then status 200 ........................................................... passed
And match response == bodyOk .............................................. passed
* url url ................................................................. passed
* def bodyOk = read('classpath:karate/request/responseCreateOk.json') ..... passed
Given path 'pet' .......................................................... passed
And request ............................................................... passed
When method POST .......................................................... passed
Then status 200 ........................................................... passed
And match response == bodyOk .............................................. passed
* url url ................................................................. passed
* def bodyOk = read('classpath:karate/request/responseCreateOk.json') ..... passed
Given path 'pet' .......................................................... passed
And request ............................................................... passed
When method POST .......................................................... passed
Then status 200 ........................................................... passed
And match response == bodyOk .............................................. passed
* url url ................................................................. passed
* def bodyOk = read('classpath:karate/request/responseCreateOk.json') ..... passed
Given path 'pet' .......................................................... passed
And request ............................................................... passed
When method POST .......................................................... passed
Then status 200 ........................................................... passed
And match response == bodyOk .............................................. passed
* url url ................................................................. passed
* def bodyOk = read('classpath:karate/request/responseCreateOk.json') ..... passed
Given path 'pet' .......................................................... passed
And request ............................................................... passed
When method POST .......................................................... passed
Then status 200 ........................................................... passed
And match response == bodyOk .............................................. passed
* url url ................................................................. passed
Given path 'pet' .......................................................... passed
And request ............................................................... passed
When method POST .......................................................... passed
Then status 500 ........................................................... passed
* url url ................................................................. passed
Given path 'pet' .......................................................... passed
And request ............................................................... passed
When method POST .......................................................... passed
Then status 500 ........................................................... passed</system-out>
  </testcase>
  <testcase classname="karate.request.1CreateNewPet" name="Create a pet with invalid name and id with method POST" time="1.224349">
    <system-out>* url url ................................................................. passed
* def bodyOk = read('classpath:karate/request/responseCreateOk.json') ..... passed
Given path 'pet' .......................................................... passed
And request ............................................................... passed
When method POST .......................................................... passed
Then status 200 ........................................................... passed
And match response == bodyOk .............................................. passed
* url url ................................................................. passed
* def bodyOk = read('classpath:karate/request/responseCreateOk.json') ..... passed
Given path 'pet' .......................................................... passed
And request ............................................................... passed
When method POST .......................................................... passed
Then status 200 ........................................................... passed
And match response == bodyOk .............................................. passed
* url url ................................................................. passed
* def bodyOk = read('classpath:karate/request/responseCreateOk.json') ..... passed
Given path 'pet' .......................................................... passed
And request ............................................................... passed
When method POST .......................................................... passed
Then status 200 ........................................................... passed
And match response == bodyOk .............................................. passed
* url url ................................................................. passed
* def bodyOk = read('classpath:karate/request/responseCreateOk.json') ..... passed
Given path 'pet' .......................................................... passed
And request ............................................................... passed
When method POST .......................................................... passed
Then status 200 ........................................................... passed
And match response == bodyOk .............................................. passed
* url url ................................................................. passed
* def bodyOk = read('classpath:karate/request/responseCreateOk.json') ..... passed
Given path 'pet' .......................................................... passed
And request ............................................................... passed
When method POST .......................................................... passed
Then status 200 ........................................................... passed
And match response == bodyOk .............................................. passed
* url url ................................................................. passed
* def bodyOk = read('classpath:karate/request/responseCreateOk.json') ..... passed
Given path 'pet' .......................................................... passed
And request ............................................................... passed
When method POST .......................................................... passed
Then status 200 ........................................................... passed
And match response == bodyOk .............................................. passed
* url url ................................................................. passed
Given path 'pet' .......................................................... passed
And request ............................................................... passed
When method POST .......................................................... passed
Then status 500 ........................................................... passed
* url url ................................................................. passed
Given path 'pet' .......................................................... passed
And request ............................................................... passed
When method POST .......................................................... passed
Then status 500 ........................................................... passed
* url url ................................................................. passed
Given path 'pet' .......................................................... passed
And request ............................................................... passed
When method POST .......................................................... passed
Then status 500 ........................................................... passed</system-out>
  </testcase>
  <testcase classname="karate.request.1CreateNewPet" name="Create a pet with valid status with method POST" time="1.214258">
    <system-out>* url url ................................................................. passed
* def bodyOk = read('classpath:karate/request/responseCreateOk.json') ..... passed
Given path 'pet' .......................................................... passed
And request ............................................................... passed
When method POST .......................................................... passed
Then status 200 ........................................................... passed
And match response == bodyOk .............................................. passed
* url url ................................................................. passed
* def bodyOk = read('classpath:karate/request/responseCreateOk.json') ..... passed
Given path 'pet' .......................................................... passed
And request ............................................................... passed
When method POST .......................................................... passed
Then status 200 ........................................................... passed
And match response == bodyOk .............................................. passed
* url url ................................................................. passed
* def bodyOk = read('classpath:karate/request/responseCreateOk.json') ..... passed
Given path 'pet' .......................................................... passed
And request ............................................................... passed
When method POST .......................................................... passed
Then status 200 ........................................................... passed
And match response == bodyOk .............................................. passed
* url url ................................................................. passed
* def bodyOk = read('classpath:karate/request/responseCreateOk.json') ..... passed
Given path 'pet' .......................................................... passed
And request ............................................................... passed
When method POST .......................................................... passed
Then status 200 ........................................................... passed
And match response == bodyOk .............................................. passed
* url url ................................................................. passed
* def bodyOk = read('classpath:karate/request/responseCreateOk.json') ..... passed
Given path 'pet' .......................................................... passed
And request ............................................................... passed
When method POST .......................................................... passed
Then status 200 ........................................................... passed
And match response == bodyOk .............................................. passed
* url url ................................................................. passed
* def bodyOk = read('classpath:karate/request/responseCreateOk.json') ..... passed
Given path 'pet' .......................................................... passed
And request ............................................................... passed
When method POST .......................................................... passed
Then status 200 ........................................................... passed
And match response == bodyOk .............................................. passed
* url url ................................................................. passed
Given path 'pet' .......................................................... passed
And request ............................................................... passed
When method POST .......................................................... passed
Then status 500 ........................................................... passed
* url url ................................................................. passed
Given path 'pet' .......................................................... passed
And request ............................................................... passed
When method POST .......................................................... passed
Then status 500 ........................................................... passed
* url url ................................................................. passed
Given path 'pet' .......................................................... passed
And request ............................................................... passed
When method POST .......................................................... passed
Then status 500 ........................................................... passed
* url url ................................................................. passed
* def bodyOk = read('classpath:karate/request/responseCreateOk.json') ..... passed
Given path 'pet' .......................................................... passed
And request ............................................................... passed
When method POST .......................................................... passed
Then status 200 ........................................................... passed
And match response == bodyOk .............................................. passed</system-out>
  </testcase>
  <testcase classname="karate.request.1CreateNewPet" name="Create a pet with valid status with method POST" time="1.221012">
    <system-out>* url url ................................................................. passed
* def bodyOk = read('classpath:karate/request/responseCreateOk.json') ..... passed
Given path 'pet' .......................................................... passed
And request ............................................................... passed
When method POST .......................................................... passed
Then status 200 ........................................................... passed
And match response == bodyOk .............................................. passed
* url url ................................................................. passed
* def bodyOk = read('classpath:karate/request/responseCreateOk.json') ..... passed
Given path 'pet' .......................................................... passed
And request ............................................................... passed
When method POST .......................................................... passed
Then status 200 ........................................................... passed
And match response == bodyOk .............................................. passed
* url url ................................................................. passed
* def bodyOk = read('classpath:karate/request/responseCreateOk.json') ..... passed
Given path 'pet' .......................................................... passed
And request ............................................................... passed
When method POST .......................................................... passed
Then status 200 ........................................................... passed
And match response == bodyOk .............................................. passed
* url url ................................................................. passed
* def bodyOk = read('classpath:karate/request/responseCreateOk.json') ..... passed
Given path 'pet' .......................................................... passed
And request ............................................................... passed
When method POST .......................................................... passed
Then status 200 ........................................................... passed
And match response == bodyOk .............................................. passed
* url url ................................................................. passed
* def bodyOk = read('classpath:karate/request/responseCreateOk.json') ..... passed
Given path 'pet' .......................................................... passed
And request ............................................................... passed
When method POST .......................................................... passed
Then status 200 ........................................................... passed
And match response == bodyOk .............................................. passed
* url url ................................................................. passed
* def bodyOk = read('classpath:karate/request/responseCreateOk.json') ..... passed
Given path 'pet' .......................................................... passed
And request ............................................................... passed
When method POST .......................................................... passed
Then status 200 ........................................................... passed
And match response == bodyOk .............................................. passed
* url url ................................................................. passed
Given path 'pet' .......................................................... passed
And request ............................................................... passed
When method POST .......................................................... passed
Then status 500 ........................................................... passed
* url url ................................................................. passed
Given path 'pet' .......................................................... passed
And request ............................................................... passed
When method POST .......................................................... passed
Then status 500 ........................................................... passed
* url url ................................................................. passed
Given path 'pet' .......................................................... passed
And request ............................................................... passed
When method POST .......................................................... passed
Then status 500 ........................................................... passed
* url url ................................................................. passed
* def bodyOk = read('classpath:karate/request/responseCreateOk.json') ..... passed
Given path 'pet' .......................................................... passed
And request ............................................................... passed
When method POST .......................................................... passed
Then status 200 ........................................................... passed
And match response == bodyOk .............................................. passed
* url url ................................................................. passed
* def bodyOk = read('classpath:karate/request/responseCreateOk.json') ..... passed
Given path 'pet' .......................................................... passed
And request ............................................................... passed
When method POST .......................................................... passed
Then status 200 ........................................................... passed
And match response == bodyOk .............................................. passed</system-out>
  </testcase>
  <testcase classname="karate.request.1CreateNewPet" name="Create a pet with valid status with method POST" time="1.11807">
    <system-out>* url url ................................................................. passed
* def bodyOk = read('classpath:karate/request/responseCreateOk.json') ..... passed
Given path 'pet' .......................................................... passed
And request ............................................................... passed
When method POST .......................................................... passed
Then status 200 ........................................................... passed
And match response == bodyOk .............................................. passed
* url url ................................................................. passed
* def bodyOk = read('classpath:karate/request/responseCreateOk.json') ..... passed
Given path 'pet' .......................................................... passed
And request ............................................................... passed
When method POST .......................................................... passed
Then status 200 ........................................................... passed
And match response == bodyOk .............................................. passed
* url url ................................................................. passed
* def bodyOk = read('classpath:karate/request/responseCreateOk.json') ..... passed
Given path 'pet' .......................................................... passed
And request ............................................................... passed
When method POST .......................................................... passed
Then status 200 ........................................................... passed
And match response == bodyOk .............................................. passed
* url url ................................................................. passed
* def bodyOk = read('classpath:karate/request/responseCreateOk.json') ..... passed
Given path 'pet' .......................................................... passed
And request ............................................................... passed
When method POST .......................................................... passed
Then status 200 ........................................................... passed
And match response == bodyOk .............................................. passed
* url url ................................................................. passed
* def bodyOk = read('classpath:karate/request/responseCreateOk.json') ..... passed
Given path 'pet' .......................................................... passed
And request ............................................................... passed
When method POST .......................................................... passed
Then status 200 ........................................................... passed
And match response == bodyOk .............................................. passed
* url url ................................................................. passed
* def bodyOk = read('classpath:karate/request/responseCreateOk.json') ..... passed
Given path 'pet' .......................................................... passed
And request ............................................................... passed
When method POST .......................................................... passed
Then status 200 ........................................................... passed
And match response == bodyOk .............................................. passed
* url url ................................................................. passed
Given path 'pet' .......................................................... passed
And request ............................................................... passed
When method POST .......................................................... passed
Then status 500 ........................................................... passed
* url url ................................................................. passed
Given path 'pet' .......................................................... passed
And request ............................................................... passed
When method POST .......................................................... passed
Then status 500 ........................................................... passed
* url url ................................................................. passed
Given path 'pet' .......................................................... passed
And request ............................................................... passed
When method POST .......................................................... passed
Then status 500 ........................................................... passed
* url url ................................................................. passed
* def bodyOk = read('classpath:karate/request/responseCreateOk.json') ..... passed
Given path 'pet' .......................................................... passed
And request ............................................................... passed
When method POST .......................................................... passed
Then status 200 ........................................................... passed
And match response == bodyOk .............................................. passed
* url url ................................................................. passed
* def bodyOk = read('classpath:karate/request/responseCreateOk.json') ..... passed
Given path 'pet' .......................................................... passed
And request ............................................................... passed
When method POST .......................................................... passed
Then status 200 ........................................................... passed
And match response == bodyOk .............................................. passed
* url url ................................................................. passed
* def bodyOk = read('classpath:karate/request/responseCreateOk.json') ..... passed
Given path 'pet' .......................................................... passed
And request ............................................................... passed
When method POST .......................................................... passed
Then status 200 ........................................................... passed
And match response == bodyOk .............................................. passed</system-out>
  </testcase>
  <testcase classname="karate.request.1CreateNewPet" name="Create a pet with invalid status with method POST" time="1.322126">
    <system-out>* url url ................................................................. passed
* def bodyOk = read('classpath:karate/request/responseCreateOk.json') ..... passed
Given path 'pet' .......................................................... passed
And request ............................................................... passed
When method POST .......................................................... passed
Then status 200 ........................................................... passed
And match response == bodyOk .............................................. passed
* url url ................................................................. passed
* def bodyOk = read('classpath:karate/request/responseCreateOk.json') ..... passed
Given path 'pet' .......................................................... passed
And request ............................................................... passed
When method POST .......................................................... passed
Then status 200 ........................................................... passed
And match response == bodyOk .............................................. passed
* url url ................................................................. passed
* def bodyOk = read('classpath:karate/request/responseCreateOk.json') ..... passed
Given path 'pet' .......................................................... passed
And request ............................................................... passed
When method POST .......................................................... passed
Then status 200 ........................................................... passed
And match response == bodyOk .............................................. passed
* url url ................................................................. passed
* def bodyOk = read('classpath:karate/request/responseCreateOk.json') ..... passed
Given path 'pet' .......................................................... passed
And request ............................................................... passed
When method POST .......................................................... passed
Then status 200 ........................................................... passed
And match response == bodyOk .............................................. passed
* url url ................................................................. passed
* def bodyOk = read('classpath:karate/request/responseCreateOk.json') ..... passed
Given path 'pet' .......................................................... passed
And request ............................................................... passed
When method POST .......................................................... passed
Then status 200 ........................................................... passed
And match response == bodyOk .............................................. passed
* url url ................................................................. passed
* def bodyOk = read('classpath:karate/request/responseCreateOk.json') ..... passed
Given path 'pet' .......................................................... passed
And request ............................................................... passed
When method POST .......................................................... passed
Then status 200 ........................................................... passed
And match response == bodyOk .............................................. passed
* url url ................................................................. passed
Given path 'pet' .......................................................... passed
And request ............................................................... passed
When method POST .......................................................... passed
Then status 500 ........................................................... passed
* url url ................................................................. passed
Given path 'pet' .......................................................... passed
And request ............................................................... passed
When method POST .......................................................... passed
Then status 500 ........................................................... passed
* url url ................................................................. passed
Given path 'pet' .......................................................... passed
And request ............................................................... passed
When method POST .......................................................... passed
Then status 500 ........................................................... passed
* url url ................................................................. passed
* def bodyOk = read('classpath:karate/request/responseCreateOk.json') ..... passed
Given path 'pet' .......................................................... passed
And request ............................................................... passed
When method POST .......................................................... passed
Then status 200 ........................................................... passed
And match response == bodyOk .............................................. passed
* url url ................................................................. passed
* def bodyOk = read('classpath:karate/request/responseCreateOk.json') ..... passed
Given path 'pet' .......................................................... passed
And request ............................................................... passed
When method POST .......................................................... passed
Then status 200 ........................................................... passed
And match response == bodyOk .............................................. passed
* url url ................................................................. passed
* def bodyOk = read('classpath:karate/request/responseCreateOk.json') ..... passed
Given path 'pet' .......................................................... passed
And request ............................................................... passed
When method POST .......................................................... passed
Then status 200 ........................................................... passed
And match response == bodyOk .............................................. passed
* url url ................................................................. passed
Given path 'pet' .......................................................... passed
And request ............................................................... passed
When method POST .......................................................... passed
Then status 200 ........................................................... passed</system-out>
  </testcase>
  <testcase classname="karate.request.1CreateNewPet" name="Create a pet with invalid status with method POST" time="1.219738">
    <system-out>* url url ................................................................. passed
* def bodyOk = read('classpath:karate/request/responseCreateOk.json') ..... passed
Given path 'pet' .......................................................... passed
And request ............................................................... passed
When method POST .......................................................... passed
Then status 200 ........................................................... passed
And match response == bodyOk .............................................. passed
* url url ................................................................. passed
* def bodyOk = read('classpath:karate/request/responseCreateOk.json') ..... passed
Given path 'pet' .......................................................... passed
And request ............................................................... passed
When method POST .......................................................... passed
Then status 200 ........................................................... passed
And match response == bodyOk .............................................. passed
* url url ................................................................. passed
* def bodyOk = read('classpath:karate/request/responseCreateOk.json') ..... passed
Given path 'pet' .......................................................... passed
And request ............................................................... passed
When method POST .......................................................... passed
Then status 200 ........................................................... passed
And match response == bodyOk .............................................. passed
* url url ................................................................. passed
* def bodyOk = read('classpath:karate/request/responseCreateOk.json') ..... passed
Given path 'pet' .......................................................... passed
And request ............................................................... passed
When method POST .......................................................... passed
Then status 200 ........................................................... passed
And match response == bodyOk .............................................. passed
* url url ................................................................. passed
* def bodyOk = read('classpath:karate/request/responseCreateOk.json') ..... passed
Given path 'pet' .......................................................... passed
And request ............................................................... passed
When method POST .......................................................... passed
Then status 200 ........................................................... passed
And match response == bodyOk .............................................. passed
* url url ................................................................. passed
* def bodyOk = read('classpath:karate/request/responseCreateOk.json') ..... passed
Given path 'pet' .......................................................... passed
And request ............................................................... passed
When method POST .......................................................... passed
Then status 200 ........................................................... passed
And match response == bodyOk .............................................. passed
* url url ................................................................. passed
Given path 'pet' .......................................................... passed
And request ............................................................... passed
When method POST .......................................................... passed
Then status 500 ........................................................... passed
* url url ................................................................. passed
Given path 'pet' .......................................................... passed
And request ............................................................... passed
When method POST .......................................................... passed
Then status 500 ........................................................... passed
* url url ................................................................. passed
Given path 'pet' .......................................................... passed
And request ............................................................... passed
When method POST .......................................................... passed
Then status 500 ........................................................... passed
* url url ................................................................. passed
* def bodyOk = read('classpath:karate/request/responseCreateOk.json') ..... passed
Given path 'pet' .......................................................... passed
And request ............................................................... passed
When method POST .......................................................... passed
Then status 200 ........................................................... passed
And match response == bodyOk .............................................. passed
* url url ................................................................. passed
* def bodyOk = read('classpath:karate/request/responseCreateOk.json') ..... passed
Given path 'pet' .......................................................... passed
And request ............................................................... passed
When method POST .......................................................... passed
Then status 200 ........................................................... passed
And match response == bodyOk .............................................. passed
* url url ................................................................. passed
* def bodyOk = read('classpath:karate/request/responseCreateOk.json') ..... passed
Given path 'pet' .......................................................... passed
And request ............................................................... passed
When method POST .......................................................... passed
Then status 200 ........................................................... passed
And match response == bodyOk .............................................. passed
* url url ................................................................. passed
Given path 'pet' .......................................................... passed
And request ............................................................... passed
When method POST .......................................................... passed
Then status 200 ........................................................... passed
* url url ................................................................. passed
Given path 'pet' .......................................................... passed
And request ............................................................... passed
When method POST .......................................................... passed
Then status 200 ........................................................... passed</system-out>
  </testcase>
  <testcase classname="karate.request.1CreateNewPet" name="Create a pet with invalid status with method POST" time="1.217752">
    <system-out>* url url ................................................................. passed
* def bodyOk = read('classpath:karate/request/responseCreateOk.json') ..... passed
Given path 'pet' .......................................................... passed
And request ............................................................... passed
When method POST .......................................................... passed
Then status 200 ........................................................... passed
And match response == bodyOk .............................................. passed
* url url ................................................................. passed
* def bodyOk = read('classpath:karate/request/responseCreateOk.json') ..... passed
Given path 'pet' .......................................................... passed
And request ............................................................... passed
When method POST .......................................................... passed
Then status 200 ........................................................... passed
And match response == bodyOk .............................................. passed
* url url ................................................................. passed
* def bodyOk = read('classpath:karate/request/responseCreateOk.json') ..... passed
Given path 'pet' .......................................................... passed
And request ............................................................... passed
When method POST .......................................................... passed
Then status 200 ........................................................... passed
And match response == bodyOk .............................................. passed
* url url ................................................................. passed
* def bodyOk = read('classpath:karate/request/responseCreateOk.json') ..... passed
Given path 'pet' .......................................................... passed
And request ............................................................... passed
When method POST .......................................................... passed
Then status 200 ........................................................... passed
And match response == bodyOk .............................................. passed
* url url ................................................................. passed
* def bodyOk = read('classpath:karate/request/responseCreateOk.json') ..... passed
Given path 'pet' .......................................................... passed
And request ............................................................... passed
When method POST .......................................................... passed
Then status 200 ........................................................... passed
And match response == bodyOk .............................................. passed
* url url ................................................................. passed
* def bodyOk = read('classpath:karate/request/responseCreateOk.json') ..... passed
Given path 'pet' .......................................................... passed
And request ............................................................... passed
When method POST .......................................................... passed
Then status 200 ........................................................... passed
And match response == bodyOk .............................................. passed
* url url ................................................................. passed
Given path 'pet' .......................................................... passed
And request ............................................................... passed
When method POST .......................................................... passed
Then status 500 ........................................................... passed
* url url ................................................................. passed
Given path 'pet' .......................................................... passed
And request ............................................................... passed
When method POST .......................................................... passed
Then status 500 ........................................................... passed
* url url ................................................................. passed
Given path 'pet' .......................................................... passed
And request ............................................................... passed
When method POST .......................................................... passed
Then status 500 ........................................................... passed
* url url ................................................................. passed
* def bodyOk = read('classpath:karate/request/responseCreateOk.json') ..... passed
Given path 'pet' .......................................................... passed
And request ............................................................... passed
When method POST .......................................................... passed
Then status 200 ........................................................... passed
And match response == bodyOk .............................................. passed
* url url ................................................................. passed
* def bodyOk = read('classpath:karate/request/responseCreateOk.json') ..... passed
Given path 'pet' .......................................................... passed
And request ............................................................... passed
When method POST .......................................................... passed
Then status 200 ........................................................... passed
And match response == bodyOk .............................................. passed
* url url ................................................................. passed
* def bodyOk = read('classpath:karate/request/responseCreateOk.json') ..... passed
Given path 'pet' .......................................................... passed
And request ............................................................... passed
When method POST .......................................................... passed
Then status 200 ........................................................... passed
And match response == bodyOk .............................................. passed
* url url ................................................................. passed
Given path 'pet' .......................................................... passed
And request ............................................................... passed
When method POST .......................................................... passed
Then status 200 ........................................................... passed
* url url ................................................................. passed
Given path 'pet' .......................................................... passed
And request ............................................................... passed
When method POST .......................................................... passed
Then status 200 ........................................................... passed
* url url ................................................................. passed
Given path 'pet' .......................................................... passed
And request ............................................................... passed
When method POST .......................................................... passed
Then status 200 ........................................................... passed</system-out>
  </testcase>
  <testcase classname="karate.request.1CreateNewPet" name="Create a pet with invalid status with method POST" time="1.221183">
    <system-out>* url url ................................................................. passed
* def bodyOk = read('classpath:karate/request/responseCreateOk.json') ..... passed
Given path 'pet' .......................................................... passed
And request ............................................................... passed
When method POST .......................................................... passed
Then status 200 ........................................................... passed
And match response == bodyOk .............................................. passed
* url url ................................................................. passed
* def bodyOk = read('classpath:karate/request/responseCreateOk.json') ..... passed
Given path 'pet' .......................................................... passed
And request ............................................................... passed
When method POST .......................................................... passed
Then status 200 ........................................................... passed
And match response == bodyOk .............................................. passed
* url url ................................................................. passed
* def bodyOk = read('classpath:karate/request/responseCreateOk.json') ..... passed
Given path 'pet' .......................................................... passed
And request ............................................................... passed
When method POST .......................................................... passed
Then status 200 ........................................................... passed
And match response == bodyOk .............................................. passed
* url url ................................................................. passed
* def bodyOk = read('classpath:karate/request/responseCreateOk.json') ..... passed
Given path 'pet' .......................................................... passed
And request ............................................................... passed
When method POST .......................................................... passed
Then status 200 ........................................................... passed
And match response == bodyOk .............................................. passed
* url url ................................................................. passed
* def bodyOk = read('classpath:karate/request/responseCreateOk.json') ..... passed
Given path 'pet' .......................................................... passed
And request ............................................................... passed
When method POST .......................................................... passed
Then status 200 ........................................................... passed
And match response == bodyOk .............................................. passed
* url url ................................................................. passed
* def bodyOk = read('classpath:karate/request/responseCreateOk.json') ..... passed
Given path 'pet' .......................................................... passed
And request ............................................................... passed
When method POST .......................................................... passed
Then status 200 ........................................................... passed
And match response == bodyOk .............................................. passed
* url url ................................................................. passed
Given path 'pet' .......................................................... passed
And request ............................................................... passed
When method POST .......................................................... passed
Then status 500 ........................................................... passed
* url url ................................................................. passed
Given path 'pet' .......................................................... passed
And request ............................................................... passed
When method POST .......................................................... passed
Then status 500 ........................................................... passed
* url url ................................................................. passed
Given path 'pet' .......................................................... passed
And request ............................................................... passed
When method POST .......................................................... passed
Then status 500 ........................................................... passed
* url url ................................................................. passed
* def bodyOk = read('classpath:karate/request/responseCreateOk.json') ..... passed
Given path 'pet' .......................................................... passed
And request ............................................................... passed
When method POST .......................................................... passed
Then status 200 ........................................................... passed
And match response == bodyOk .............................................. passed
* url url ................................................................. passed
* def bodyOk = read('classpath:karate/request/responseCreateOk.json') ..... passed
Given path 'pet' .......................................................... passed
And request ............................................................... passed
When method POST .......................................................... passed
Then status 200 ........................................................... passed
And match response == bodyOk .............................................. passed
* url url ................................................................. passed
* def bodyOk = read('classpath:karate/request/responseCreateOk.json') ..... passed
Given path 'pet' .......................................................... passed
And request ............................................................... passed
When method POST .......................................................... passed
Then status 200 ........................................................... passed
And match response == bodyOk .............................................. passed
* url url ................................................................. passed
Given path 'pet' .......................................................... passed
And request ............................................................... passed
When method POST .......................................................... passed
Then status 200 ........................................................... passed
* url url ................................................................. passed
Given path 'pet' .......................................................... passed
And request ............................................................... passed
When method POST .......................................................... passed
Then status 200 ........................................................... passed
* url url ................................................................. passed
Given path 'pet' .......................................................... passed
And request ............................................................... passed
When method POST .......................................................... passed
Then status 200 ........................................................... passed
* url url ................................................................. passed
Given path 'pet' .......................................................... passed
And request ............................................................... passed
When method POST .......................................................... passed
Then status 200 ........................................................... passed</system-out>
  </testcase>
  <testcase classname="karate.request.1CreateNewPet" name="Create a pet with invalid status with method POST" time="1.216547">
    <system-out>* url url ................................................................. passed
* def bodyOk = read('classpath:karate/request/responseCreateOk.json') ..... passed
Given path 'pet' .......................................................... passed
And request ............................................................... passed
When method POST .......................................................... passed
Then status 200 ........................................................... passed
And match response == bodyOk .............................................. passed
* url url ................................................................. passed
* def bodyOk = read('classpath:karate/request/responseCreateOk.json') ..... passed
Given path 'pet' .......................................................... passed
And request ............................................................... passed
When method POST .......................................................... passed
Then status 200 ........................................................... passed
And match response == bodyOk .............................................. passed
* url url ................................................................. passed
* def bodyOk = read('classpath:karate/request/responseCreateOk.json') ..... passed
Given path 'pet' .......................................................... passed
And request ............................................................... passed
When method POST .......................................................... passed
Then status 200 ........................................................... passed
And match response == bodyOk .............................................. passed
* url url ................................................................. passed
* def bodyOk = read('classpath:karate/request/responseCreateOk.json') ..... passed
Given path 'pet' .......................................................... passed
And request ............................................................... passed
When method POST .......................................................... passed
Then status 200 ........................................................... passed
And match response == bodyOk .............................................. passed
* url url ................................................................. passed
* def bodyOk = read('classpath:karate/request/responseCreateOk.json') ..... passed
Given path 'pet' .......................................................... passed
And request ............................................................... passed
When method POST .......................................................... passed
Then status 200 ........................................................... passed
And match response == bodyOk .............................................. passed
* url url ................................................................. passed
* def bodyOk = read('classpath:karate/request/responseCreateOk.json') ..... passed
Given path 'pet' .......................................................... passed
And request ............................................................... passed
When method POST .......................................................... passed
Then status 200 ........................................................... passed
And match response == bodyOk .............................................. passed
* url url ................................................................. passed
Given path 'pet' .......................................................... passed
And request ............................................................... passed
When method POST .......................................................... passed
Then status 500 ........................................................... passed
* url url ................................................................. passed
Given path 'pet' .......................................................... passed
And request ............................................................... passed
When method POST .......................................................... passed
Then status 500 ........................................................... passed
* url url ................................................................. passed
Given path 'pet' .......................................................... passed
And request ............................................................... passed
When method POST .......................................................... passed
Then status 500 ........................................................... passed
* url url ................................................................. passed
* def bodyOk = read('classpath:karate/request/responseCreateOk.json') ..... passed
Given path 'pet' .......................................................... passed
And request ............................................................... passed
When method POST .......................................................... passed
Then status 200 ........................................................... passed
And match response == bodyOk .............................................. passed
* url url ................................................................. passed
* def bodyOk = read('classpath:karate/request/responseCreateOk.json') ..... passed
Given path 'pet' .......................................................... passed
And request ............................................................... passed
When method POST .......................................................... passed
Then status 200 ........................................................... passed
And match response == bodyOk .............................................. passed
* url url ................................................................. passed
* def bodyOk = read('classpath:karate/request/responseCreateOk.json') ..... passed
Given path 'pet' .......................................................... passed
And request ............................................................... passed
When method POST .......................................................... passed
Then status 200 ........................................................... passed
And match response == bodyOk .............................................. passed
* url url ................................................................. passed
Given path 'pet' .......................................................... passed
And request ............................................................... passed
When method POST .......................................................... passed
Then status 200 ........................................................... passed
* url url ................................................................. passed
Given path 'pet' .......................................................... passed
And request ............................................................... passed
When method POST .......................................................... passed
Then status 200 ........................................................... passed
* url url ................................................................. passed
Given path 'pet' .......................................................... passed
And request ............................................................... passed
When method POST .......................................................... passed
Then status 200 ........................................................... passed
* url url ................................................................. passed
Given path 'pet' .......................................................... passed
And request ............................................................... passed
When method POST .......................................................... passed
Then status 200 ........................................................... passed
* url url ................................................................. passed
Given path 'pet' .......................................................... passed
And request ............................................................... passed
When method POST .......................................................... passed
Then status 200 ........................................................... passed</system-out>
  </testcase>
  <testcase classname="karate.request.1CreateNewPet" name="Create a pet with invalid status with method POST" time="1.223154">
    <system-out>* url url ................................................................. passed
* def bodyOk = read('classpath:karate/request/responseCreateOk.json') ..... passed
Given path 'pet' .......................................................... passed
And request ............................................................... passed
When method POST .......................................................... passed
Then status 200 ........................................................... passed
And match response == bodyOk .............................................. passed
* url url ................................................................. passed
* def bodyOk = read('classpath:karate/request/responseCreateOk.json') ..... passed
Given path 'pet' .......................................................... passed
And request ............................................................... passed
When method POST .......................................................... passed
Then status 200 ........................................................... passed
And match response == bodyOk .............................................. passed
* url url ................................................................. passed
* def bodyOk = read('classpath:karate/request/responseCreateOk.json') ..... passed
Given path 'pet' .......................................................... passed
And request ............................................................... passed
When method POST .......................................................... passed
Then status 200 ........................................................... passed
And match response == bodyOk .............................................. passed
* url url ................................................................. passed
* def bodyOk = read('classpath:karate/request/responseCreateOk.json') ..... passed
Given path 'pet' .......................................................... passed
And request ............................................................... passed
When method POST .......................................................... passed
Then status 200 ........................................................... passed
And match response == bodyOk .............................................. passed
* url url ................................................................. passed
* def bodyOk = read('classpath:karate/request/responseCreateOk.json') ..... passed
Given path 'pet' .......................................................... passed
And request ............................................................... passed
When method POST .......................................................... passed
Then status 200 ........................................................... passed
And match response == bodyOk .............................................. passed
* url url ................................................................. passed
* def bodyOk = read('classpath:karate/request/responseCreateOk.json') ..... passed
Given path 'pet' .......................................................... passed
And request ............................................................... passed
When method POST .......................................................... passed
Then status 200 ........................................................... passed
And match response == bodyOk .............................................. passed
* url url ................................................................. passed
Given path 'pet' .......................................................... passed
And request ............................................................... passed
When method POST .......................................................... passed
Then status 500 ........................................................... passed
* url url ................................................................. passed
Given path 'pet' .......................................................... passed
And request ............................................................... passed
When method POST .......................................................... passed
Then status 500 ........................................................... passed
* url url ................................................................. passed
Given path 'pet' .......................................................... passed
And request ............................................................... passed
When method POST .......................................................... passed
Then status 500 ........................................................... passed
* url url ................................................................. passed
* def bodyOk = read('classpath:karate/request/responseCreateOk.json') ..... passed
Given path 'pet' .......................................................... passed
And request ............................................................... passed
When method POST .......................................................... passed
Then status 200 ........................................................... passed
And match response == bodyOk .............................................. passed
* url url ................................................................. passed
* def bodyOk = read('classpath:karate/request/responseCreateOk.json') ..... passed
Given path 'pet' .......................................................... passed
And request ............................................................... passed
When method POST .......................................................... passed
Then status 200 ........................................................... passed
And match response == bodyOk .............................................. passed
* url url ................................................................. passed
* def bodyOk = read('classpath:karate/request/responseCreateOk.json') ..... passed
Given path 'pet' .......................................................... passed
And request ............................................................... passed
When method POST .......................................................... passed
Then status 200 ........................................................... passed
And match response == bodyOk .............................................. passed
* url url ................................................................. passed
Given path 'pet' .......................................................... passed
And request ............................................................... passed
When method POST .......................................................... passed
Then status 200 ........................................................... passed
* url url ................................................................. passed
Given path 'pet' .......................................................... passed
And request ............................................................... passed
When method POST .......................................................... passed
Then status 200 ........................................................... passed
* url url ................................................................. passed
Given path 'pet' .......................................................... passed
And request ............................................................... passed
When method POST .......................................................... passed
Then status 200 ........................................................... passed
* url url ................................................................. passed
Given path 'pet' .......................................................... passed
And request ............................................................... passed
When method POST .......................................................... passed
Then status 200 ........................................................... passed
* url url ................................................................. passed
Given path 'pet' .......................................................... passed
And request ............................................................... passed
When method POST .......................................................... passed
Then status 200 ........................................................... passed
* url url ................................................................. passed
Given path 'pet' .......................................................... passed
And request ............................................................... passed
When method POST .......................................................... passed
Then status 200 ........................................................... passed</system-out>
  </testcase>
</testsuite>
